<?xml version="1.0" encoding="UTF-8"?>
<!-- Generated by org.testng.reporters.JUnitReportReporter -->
<testsuite skipped="0" hostname="ADMINRG-M0LJS1I" name="com.testautomation.TestRunner.TestRunner" tests="2" failures="0" timestamp="2020-12-02T18:43:38 IST" time="0.375" errors="0">
  <testcase name="feature" time="0.003" classname="com.testautomation.TestRunner.TestRunner"/>
  <system-out/>
  <testcase name="feature" time="0.372" classname="com.testautomation.TestRunner.TestRunner"/>
  <system-out/>
</testsuite> <!-- com.testautomation.TestRunner.TestRunner -->
